[Licensing::Module] Trying to connect to existing licensing client channel...
[Licensing::IpcConnector] Successfully connected to the License Client on channel: "LicenseClient-Administrator" at "2026-05-22T14:18:36.7457287Z"
[Licensing::Client] Error: Code 0 while verifying Licensing Client signature (process Id: 7768, path: "D:/softWare/UnityHub/Tuanjie Hub/TuanjieLicensingClient_V1/Tuanjie.Licensing.Client.exe")
[Licensing::Module] Error: LicensingClient has failed validation; ignoring
[Licensing::Client] Successfully send message: {"AuthorizationCheck":"Ewh0rCunCOmGfw==","messageType":"HandshakeRequest","protocolVersion":"1.12","userAgent":"TuanjieEditor/2022.3.62t4 (Windows; U; Windows NT 10.0; zh)","externalCorrelationId":"5911720134321503211"} at 1779459516
[Licensing::Client] Successfully receive message: {"protocolVersion":"1.12","sessionId":"e2067fd952e74c68a6dd83e25becef02","context":{"DeviceName":"DESKTOP-MOCE97Q","DeviceModel":"Default string (Maxsun)","PhysicalMemoryMB":"32485","SystemLanguageISO":"zh","ProcessorCount":"20","ProcessorType":"Intel(R) Core(TM) i5-14600K","OperatingSystem":"Windows 10  (10.0.22631) 64bit","OperatingSystemNumeric":"1000","Legacy.MachineBinding1":"00330-80000-00000-AA003","Legacy.MachineBinding2":"03033_32_293433_33_0056C8_0E_805354_42.8","Legacy.MachineBinding4":"RGVmYXVsdCBzdHJpbmc=","Legacy.MachineBinding5":"02:50:8b:0d:28:74","EnvironmentUser":"Administrator","EnvironmentDomain":"DESKTOP-MOCE97Q","EnvironmentHostname":"DESKTOP-MOCE97Q"},"assemblyProductVersion":"1.14.0+249b3dc","machineId":"+zT8KoGWt0sZQhZri+5zSPoG8RA=","correlationId":"ecc690df687b52b22bdd2fd78aa84c05","responseCode":200,"responseStatus":"Handshake successful","messageType":"HandshakeResponse"} at 1779459516
[Licensing::Client] Handshaking with LicensingClient:
  Version:                 1.14.0+249b3dc
  Session Id:              e2067fd952e74c68a6dd83e25becef02
  Correlation Id:          ecc690df687b52b22bdd2fd78aa84c05
  External correlation Id: 5911720134321503211
  Machine Id:              +zT8KoGWt0sZQhZri+5zSPoG8RA=
[Licensing::Module] Successfully connected to LicensingClient on channel: "LicenseClient-Administrator" (connect: 0.00s, validation: 0.01s, handshake: 0.04s)
[Licensing::IpcConnector] Successfully connected to the License Notification on channel: "LicenseClient-Administrator-notifications" at "2026-05-22T14:18:36.7992667Z"
[Licensing::Module] Error: Access token is unavailable; failed to update
[Licensing::Client] Successfully send message: {"AuthorizationCheck":"1DigkvlbA2yMfw==","messageType":"UpdateLicenseRequest","AccessToken":"","OrgId":"","ProjectId":"","forceUpdateLicense":true} at 1779459516
[Licensing::Client] Successfully receive message: {"responseCode":200,"responseStatus":"Licenses updated.","messageType":"UpdateLicenseResponse","authorizationCheck":"1DigkvlbA2yMf4GTTTV5s5C74KFk"} at 1779459517
[Licensing::Client] Attempt to check time stamp (startTime: 1779459516, endTime: 1779459517)
[Licensing::Client] Successfully updated license
Built from 'tuanjie/1.8/staging' branch; Version is '2022.3.62t4 (1ad14fec91c6) revision 1757519'; Using compiler version '192829333'; Build Type 'Release'
OS: 'Windows 11  (10.0.22631) 64bit Professional' Language: 'zh' Physical Memory: 32485 MB
[Licensing::Client] Successfully send message: {"AuthorizationCheck":"Yq49OFRbS1BG5w==","messageType":"EntitlementDetailsRequest","entitlementIds":["com.unity.editor.legacy.pro","com.unity.editor.headless"],"packageEntitlementIds":[],"includeCustomData":false} at 1779459517
[Licensing::Client] Successfully receive message: {"entitlementGroups":[{"entitlementGroupId":"F4-XE8N-FWWG-JABQ-GSY6-EVH3","entitlementGroupIdHash":"4142da9f38b851a2bb6a0bb81e948f621e2e33d4","productName":"Unity Personal","productType":"TuanjieEditor","licenseType":"ULF","expiration":1779722317000,"matchedEntitlements":[{"entitlementId":"com.unity.editor.headless","isPackage":false,"count":1}]}],"responseCode":200,"responseStatus":"Found 1 entitlement groups and 0 free entitlements matching requested entitlement ids","messageType":"EntitlementDetailsResponse","authorizationCheck":"Yq49OFRbS1BG52PV2cGroxldBFUf"} at 1779459517
[Licensing::Client] Attempt to check time stamp (startTime: 1779459517, endTime: 1779459517)
[Licensing::Client] Successfully resolved entitlement details
[Licensing::Module] Serial number assigned to: "F4-XE8N-FWWG-JABQ-GSY6-XXXX"
BatchMode: 1, IsHumanControllingUs: 0, StartBugReporterOnCrash: 0, Is64bit: 1, IsPro: 0
[Licensing::Client] Successfully send message: {"AuthorizationCheck":"Yq49OFRbS1BG5w==","messageType":"EntitlementDetailsRequest","entitlementIds":["com.unity.editor.headless","com.unity.editor.ui"],"packageEntitlementIds":[],"includeCustomData":false} at 1779459517
[Licensing::Client] Successfully receive message: {"entitlementGroups":[{"entitlementGroupId":"F4-XE8N-FWWG-JABQ-GSY6-EVH3","entitlementGroupIdHash":"4142da9f38b851a2bb6a0bb81e948f621e2e33d4","productName":"Unity Personal","productType":"TuanjieEditor","licenseType":"ULF","expiration":1779722317000,"matchedEntitlements":[{"entitlementId":"com.unity.editor.ui","isPackage":false,"count":1},{"entitlementId":"com.unity.editor.headless","isPackage":false,"count":1}]}],"responseCode":200,"responseStatus":"Found 1 entitlement groups and 0 free entitlements matching requested entitlement ids","messageType":"EntitlementDetailsResponse","authorizationCheck":"Yq49OFRbS1BG52PV2cGroxldBFUf"} at 1779459517
[Licensing::Client] Attempt to check time stamp (startTime: 1779459517, endTime: 1779459517)
[Licensing::Client] Successfully resolved entitlement details

COMMAND LINE ARGUMENTS:
C:\Program Files\Tuanjie\Hub\Editor\2022.3.62t4\Editor\Tuanjie.exe
-batchmode
-quit
-projectPath
D:\Project\Clockwork Wasteland Ember Edge
-logFile
D:\Project\Clockwork Wasteland Ember Edge\restore-ui.log
Successfully changed project path to: D:\Project\Clockwork Wasteland Ember Edge
D:/Project/Clockwork Wasteland Ember Edge
[Memory] Configuration Parameters - Can be set up in boot.config
    "memorysetup-bucket-allocator-granularity=16"
    "memorysetup-bucket-allocator-bucket-count=8"
    "memorysetup-bucket-allocator-block-size=33554432"
    "memorysetup-bucket-allocator-block-count=8"
    "memorysetup-main-allocator-block-size=16777216"
    "memorysetup-thread-allocator-block-size=16777216"
    "memorysetup-gfx-main-allocator-block-size=16777216"
    "memorysetup-gfx-thread-allocator-block-size=16777216"
    "memorysetup-cache-allocator-block-size=4194304"
    "memorysetup-typetree-allocator-block-size=2097152"
    "memorysetup-profiler-bucket-allocator-granularity=16"
    "memorysetup-profiler-bucket-allocator-bucket-count=8"
    "memorysetup-profiler-bucket-allocator-block-size=33554432"
    "memorysetup-profiler-bucket-allocator-block-count=8"
    "memorysetup-profiler-allocator-block-size=16777216"
    "memorysetup-profiler-editor-allocator-block-size=1048576"
    "memorysetup-temp-allocator-size-main=16777216"
    "memorysetup-job-temp-allocator-block-size=2097152"
    "memorysetup-job-temp-allocator-block-size-background=1048576"
    "memorysetup-job-temp-allocator-reduction-small-platforms=262144"
    "memorysetup-allocator-temp-initial-block-size-main=262144"
    "memorysetup-allocator-temp-initial-block-size-worker=262144"
    "memorysetup-temp-allocator-size-background-worker=32768"
    "memorysetup-temp-allocator-size-job-worker=262144"
    "memorysetup-temp-allocator-size-preload-manager=33554432"
    "memorysetup-temp-allocator-size-nav-mesh-worker=65536"
    "memorysetup-temp-allocator-size-audio-worker=65536"
    "memorysetup-temp-allocator-size-cloud-worker=32768"
    "memorysetup-temp-allocator-size-gi-baking-worker=262144"
    "memorysetup-temp-allocator-size-gfx=262144"
Player connection [2808]  Target information:

Player connection [2808]  * "[IP] 192.168.2.3 [Port] 55504 [Flags] 2 [Guid] 1903625126 [EditorId] 1903625126 [Version] 1048832 [Id] WindowsEditor(7,DESKTOP-MOCE97Q) [Debug] 1 [PackageName] WindowsEditor [ProjectName] Editor" 

Player connection [2808]  * "[IP] 26.0.104.219 [Port] 55504 [Flags] 2 [Guid] 1903625126 [EditorId] 1903625126 [Version] 1048832 [Id] WindowsEditor(7,DESKTOP-MOCE97Q) [Debug] 1 [PackageName] WindowsEditor [ProjectName] Editor" 

Player connection [2808]  * "[IP] 198.18.0.1 [Port] 55504 [Flags] 2 [Guid] 1903625126 [EditorId] 1903625126 [Version] 1048832 [Id] WindowsEditor(7,DESKTOP-MOCE97Q) [Debug] 1 [PackageName] WindowsEditor [ProjectName] Editor" 

Player connection [2808] Host joined multi-casting on [225.0.0.222:54997]...
Player connection [2808] Host joined alternative multi-casting on [225.0.0.222:34997]...
Input System module state changed to: Initialized.
AS: AutoStreaming module initializing.
[LiveLink] LiveLink library is loaded successfully. Initializing...
Begin write certificate to file.
Write certificate complete, return 1.
InitScreenManager.StartServer, cert is C:/Users/Administrator/AppData/Roaming/Tuanjie/32460-rest-certificate.pem
Start HTTP server port 38000, HTTPS server port 38443.
[Package Manager] UpmClient::Connect -- Connected to IPC stream "Upm-32460" after 0.1 seconds.
[Licensing::Client] Successfully send message: {"AuthorizationCheck":"Yq49OFRbS1BG5w==","messageType":"EntitlementDetailsRequest","entitlementIds":["com.unity.editor.last.activation.date","com.unity.editor.headless"],"packageEntitlementIds":[],"includeCustomData":false} at 1779459517
[Licensing::Client] Successfully receive message: {"entitlementGroups":[{"entitlementGroupId":"F4-XE8N-FWWG-JABQ-GSY6-EVH3","entitlementGroupIdHash":"4142da9f38b851a2bb6a0bb81e948f621e2e33d4","productName":"Unity Personal","productType":"TuanjieEditor","licenseType":"ULF","expiration":1779722317000,"matchedEntitlements":[{"entitlementId":"com.unity.editor.headless","isPackage":false,"count":1},{"entitlementId":"com.unity.editor.last.activation.date","isPackage":false,"count":1}]}],"responseCode":200,"responseStatus":"Found 1 entitlement groups and 0 free entitlements matching requested entitlement ids","messageType":"EntitlementDetailsResponse","authorizationCheck":"Yq49OFRbS1BG52PV2cGroxldBFUf"} at 1779459517
[Licensing::Client] Attempt to check time stamp (startTime: 1779459517, endTime: 1779459517)
[Licensing::Client] Successfully resolved entitlement details
[Licensing::Client] Successfully send message: {"AuthorizationCheck":"Yq49OFRbS1BG5w==","messageType":"EntitlementDetailsRequest","entitlementIds":["com.unity.editor.disable-splash-screen","com.unity.editor.headless"],"packageEntitlementIds":[],"includeCustomData":false} at 1779459517
[Licensing::Client] Successfully receive message: {"entitlementGroups":[{"entitlementGroupId":"F4-XE8N-FWWG-JABQ-GSY6-EVH3","entitlementGroupIdHash":"4142da9f38b851a2bb6a0bb81e948f621e2e33d4","productName":"Unity Personal","productType":"TuanjieEditor","licenseType":"ULF","expiration":1779722317000,"matchedEntitlements":[{"entitlementId":"com.unity.editor.headless","isPackage":false,"count":1}]}],"responseCode":200,"responseStatus":"Found 1 entitlement groups and 0 free entitlements matching requested entitlement ids","messageType":"EntitlementDetailsResponse","authorizationCheck":"Yq49OFRbS1BG52PV2cGroxldBFUf"} at 1779459517
[Licensing::Client] Attempt to check time stamp (startTime: 1779459517, endTime: 1779459517)
[Licensing::Client] Successfully resolved entitlement details
[Licensing::Client] Successfully send message: {"AuthorizationCheck":"Yq49OFRbS1BG5w==","messageType":"EntitlementDetailsRequest","entitlementIds":["com.unity.editor.allow-mix-usage","com.unity.editor.headless"],"packageEntitlementIds":[],"includeCustomData":false} at 1779459517
[Licensing::Client] Successfully receive message: {"entitlementGroups":[{"entitlementGroupId":"F4-XE8N-FWWG-JABQ-GSY6-EVH3","entitlementGroupIdHash":"4142da9f38b851a2bb6a0bb81e948f621e2e33d4","productName":"Unity Personal","productType":"TuanjieEditor","licenseType":"ULF","expiration":1779722317000,"matchedEntitlements":[{"entitlementId":"com.unity.editor.headless","isPackage":false,"count":1}]}],"responseCode":200,"responseStatus":"Found 1 entitlement groups and 0 free entitlements matching requested entitlement ids","messageType":"EntitlementDetailsResponse","authorizationCheck":"Yq49OFRbS1BG52PV2cGroxldBFUf"} at 1779459517
[Licensing::Client] Attempt to check time stamp (startTime: 1779459517, endTime: 1779459517)
[Licensing::Client] Successfully resolved entitlement details
[Package Manager] Restoring resolved packages state from cache
[Licensing::Client] Successfully send message: {"AuthorizationCheck":"Yq49OFRbS1BG6A==","messageType":"EntitlementDetailsRequest","entitlementIds":[],"packageEntitlementIds":["com.unity.collab-proxy","com.unity.feature.2d","com.unity.ide.rider","com.unity.ide.visualstudio","com.unity.test-framework","com.unity.textmeshpro","com.unity.timeline","com.unity.ugui","com.unity.visualscripting","com.unity.modules.ai","com.unity.modules.androidjni","com.unity.modules.animation","com.unity.modules.assetbundle","com.unity.modules.audio","com.unity.modules.cloth","com.unity.modules.director","com.unity.modules.imageconversion","com.unity.modules.imgui","com.unity.modules.infinity","com.unity.modules.jsonserialize","com.unity.modules.particlesystem","com.unity.modules.physics","com.unity.modules.physics2d","com.unity.modules.screencapture","com.unity.modules.terrain","com.unity.modules.terrainphysics","com.unity.modules.tilemap","com.unity.modules.ui","com.unity.modules.uielements","com.unity.modules.unityanalytics","com.unity.modules.unitywebrequest","com.unity.modules.unitywebrequestassetbundle","com.unity.modules.unitywebrequestaudio","com.unity.modules.unitywebrequesttexture","com.unity.modules.unitywebrequestwww","com.unity.modules.vehicles","com.unity.modules.video","com.unity.modules.vr","com.unity.modules.wind","com.unity.modules.xr","cn.tuanjie.codely.bridge","com.unity.ext.nunit","com.unity.modules.subsystems","com.unity.2d.animation","com.unity.2d.pixel-perfect","com.unity.2d.psdimporter","com.unity.2d.sprite","com.unity.2d.spriteshape","com.unity.2d.tilemap","com.unity.2d.tilemap.extras","com.unity.2d.aseprite","com.unity.2d.common","com.unity.mathematics","com.unity.collections","com.unity.burst"],"includeCustomData":false} at 1779459518
[Licensing::Client] Successfully receive message: {"freeEntitlementIds":["com.unity.collab-proxy","com.unity.feature.2d","com.unity.ide.rider","com.unity.ide.visualstudio","com.unity.test-framework","com.unity.textmeshpro","com.unity.timeline","com.unity.ugui","com.unity.visualscripting","com.unity.modules.ai","com.unity.modules.androidjni","com.unity.modules.animation","com.unity.modules.assetbundle","com.unity.modules.audio","com.unity.modules.cloth","com.unity.modules.director","com.unity.modules.imageconversion","com.unity.modules.imgui","com.unity.modules.infinity","com.unity.modules.jsonserialize","com.unity.modules.particlesystem","com.unity.modules.physics","com.unity.modules.physics2d","com.unity.modules.screencapture","com.unity.modules.terrain","com.unity.modules.terrainphysics","com.unity.modules.tilemap","com.unity.modules.ui","com.unity.modules.uielements","com.unity.modules.unityanalytics","com.unity.modules.unitywebrequest","com.unity.modules.unitywebrequestassetbundle","com.unity.modules.unitywebrequestaudio","com.unity.modules.unitywebrequesttexture","com.unity.modules.unitywebrequestwww","com.unity.modules.vehicles","com.unity.modules.video","com.unity.modules.vr","com.unity.modules.wind","com.unity.modules.xr","cn.tuanjie.codely.bridge","com.unity.ext.nunit","com.unity.modules.subsystems","com.unity.2d.animation","com.unity.2d.pixel-perfect","com.unity.2d.psdimporter","com.unity.2d.sprite","com.unity.2d.spriteshape","com.unity.2d.tilemap","com.unity.2d.tilemap.extras","com.unity.2d.aseprite","com.unity.2d.common","com.unity.mathematics","com.unity.collections","com.unity.burst"],"responseCode":200,"responseStatus":"Found 0 entitlement groups and 55 free entitlements matching requested entitlement ids","messageType":"EntitlementDetailsResponse","authorizationCheck":"Yq49OFRbS1BG6GPV2cGro16aaD5N"} at 1779459518
[Licensing::Client] Attempt to check time stamp (startTime: 1779459518, endTime: 1779459518)
[Licensing::Client] Successfully resolved entitlement details
[Package Manager] Registered 55 packages:
  Packages from [https://packages.tuanjie.cn]:
    com.unity.collab-proxy@2.5.1 (location: D:\Project\Clockwork Wasteland Ember Edge\Library\PackageCache\com.unity.collab-proxy@2.5.1)
    com.unity.ide.rider@3.0.36 (location: D:\Project\Clockwork Wasteland Ember Edge\Library\PackageCache\com.unity.ide.rider@3.0.36)
    com.unity.ide.visualstudio@2.0.22 (location: D:\Project\Clockwork Wasteland Ember Edge\Library\PackageCache\com.unity.ide.visualstudio@2.0.22)
    com.unity.test-framework@1.1.33 (location: D:\Project\Clockwork Wasteland Ember Edge\Library\PackageCache\com.unity.test-framework@1.1.33)
    com.unity.textmeshpro@3.0.9 (location: D:\Project\Clockwork Wasteland Ember Edge\Library\PackageCache\com.unity.textmeshpro@3.0.9)
    com.unity.timeline@1.7.7 (location: D:\Project\Clockwork Wasteland Ember Edge\Library\PackageCache\com.unity.timeline@1.7.7)
    com.unity.visualscripting@1.9.4 (location: D:\Project\Clockwork Wasteland Ember Edge\Library\PackageCache\com.unity.visualscripting@1.9.4)
    cn.tuanjie.codely.bridge@1.0.52 (location: D:\Project\Clockwork Wasteland Ember Edge\Library\PackageCache\cn.tuanjie.codely.bridge@1.0.52)
    com.unity.ext.nunit@1.0.6 (location: D:\Project\Clockwork Wasteland Ember Edge\Library\PackageCache\com.unity.ext.nunit@1.0.6)
    com.unity.2d.animation@9.2.0 (location: D:\Project\Clockwork Wasteland Ember Edge\Library\PackageCache\com.unity.2d.animation@9.2.0)
    com.unity.2d.pixel-perfect@5.1.0 (location: D:\Project\Clockwork Wasteland Ember Edge\Library\PackageCache\com.unity.2d.pixel-perfect@5.1.0)
    com.unity.2d.psdimporter@8.1.0 (location: D:\Project\Clockwork Wasteland Ember Edge\Library\PackageCache\com.unity.2d.psdimporter@8.1.0)
    com.unity.2d.spriteshape@9.1.0 (location: D:\Project\Clockwork Wasteland Ember Edge\Library\PackageCache\com.unity.2d.spriteshape@9.1.0)
    com.unity.2d.tilemap.extras@3.1.3 (location: D:\Project\Clockwork Wasteland Ember Edge\Library\PackageCache\com.unity.2d.tilemap.extras@3.1.3)
    com.unity.2d.aseprite@1.1.9 (location: D:\Project\Clockwork Wasteland Ember Edge\Library\PackageCache\com.unity.2d.aseprite@1.1.9)
    com.unity.2d.common@8.1.0 (location: D:\Project\Clockwork Wasteland Ember Edge\Library\PackageCache\com.unity.2d.common@8.1.0)
    com.unity.mathematics@1.2.6 (location: D:\Project\Clockwork Wasteland Ember Edge\Library\PackageCache\com.unity.mathematics@1.2.6)
    com.unity.collections@1.2.4 (location: D:\Project\Clockwork Wasteland Ember Edge\Library\PackageCache\com.unity.collections@1.2.4)
    com.unity.burst@1.8.26 (location: D:\Project\Clockwork Wasteland Ember Edge\Library\PackageCache\com.unity.burst@1.8.26)
  Built-in packages:
    com.unity.feature.2d@2.0.1 (location: D:\Project\Clockwork Wasteland Ember Edge\Library\PackageCache\com.unity.feature.2d@2.0.1)
    com.unity.ugui@1.0.0 (location: D:\Project\Clockwork Wasteland Ember Edge\Library\PackageCache\com.unity.ugui@1.0.0)
    com.unity.modules.ai@1.0.0 (location: D:\Project\Clockwork Wasteland Ember Edge\Library\PackageCache\com.unity.modules.ai@1.0.0)
    com.unity.modules.androidjni@1.0.0 (location: D:\Project\Clockwork Wasteland Ember Edge\Library\PackageCache\com.unity.modules.androidjni@1.0.0)
    com.unity.modules.animation@1.0.0 (location: D:\Project\Clockwork Wasteland Ember Edge\Library\PackageCache\com.unity.modules.animation@1.0.0)
    com.unity.modules.assetbundle@1.0.0 (location: D:\Project\Clockwork Wasteland Ember Edge\Library\PackageCache\com.unity.modules.assetbundle@1.0.0)
    com.unity.modules.audio@1.0.0 (location: D:\Project\Clockwork Wasteland Ember Edge\Library\PackageCache\com.unity.modules.audio@1.0.0)
    com.unity.modules.cloth@1.0.0 (location: D:\Project\Clockwork Wasteland Ember Edge\Library\PackageCache\com.unity.modules.cloth@1.0.0)
    com.unity.modules.director@1.0.0 (location: D:\Project\Clockwork Wasteland Ember Edge\Library\PackageCache\com.unity.modules.director@1.0.0)
    com.unity.modules.imageconversion@1.0.0 (location: D:\Project\Clockwork Wasteland Ember Edge\Library\PackageCache\com.unity.modules.imageconversion@1.0.0)
    com.unity.modules.imgui@1.0.0 (location: D:\Project\Clockwork Wasteland Ember Edge\Library\PackageCache\com.unity.modules.imgui@1.0.0)
    com.unity.modules.infinity@1.0.0 (location: D:\Project\Clockwork Wasteland Ember Edge\Library\PackageCache\com.unity.modules.infinity@1.0.0)
    com.unity.modules.jsonserialize@1.0.0 (location: D:\Project\Clockwork Wasteland Ember Edge\Library\PackageCache\com.unity.modules.jsonserialize@1.0.0)
    com.unity.modules.particlesystem@1.0.0 (location: D:\Project\Clockwork Wasteland Ember Edge\Library\PackageCache\com.unity.modules.particlesystem@1.0.0)
    com.unity.modules.physics@1.0.0 (location: D:\Project\Clockwork Wasteland Ember Edge\Library\PackageCache\com.unity.modules.physics@1.0.0)
    com.unity.modules.physics2d@1.0.0 (location: D:\Project\Clockwork Wasteland Ember Edge\Library\PackageCache\com.unity.modules.physics2d@1.0.0)
    com.unity.modules.screencapture@1.0.0 (location: D:\Project\Clockwork Wasteland Ember Edge\Library\PackageCache\com.unity.modules.screencapture@1.0.0)
    com.unity.modules.terrain@1.0.0 (location: D:\Project\Clockwork Wasteland Ember Edge\Library\PackageCache\com.unity.modules.terrain@1.0.0)
    com.unity.modules.terrainphysics@1.0.0 (location: D:\Project\Clockwork Wasteland Ember Edge\Library\PackageCache\com.unity.modules.terrainphysics@1.0.0)
    com.unity.modules.tilemap@1.0.0 (location: D:\Project\Clockwork Wasteland Ember Edge\Library\PackageCache\com.unity.modules.tilemap@1.0.0)
    com.unity.modules.ui@1.0.0 (location: D:\Project\Clockwork Wasteland Ember Edge\Library\PackageCache\com.unity.modules.ui@1.0.0)
    com.unity.modules.uielements@1.0.0 (location: D:\Project\Clockwork Wasteland Ember Edge\Library\PackageCache\com.unity.modules.uielements@1.0.0)
    com.unity.modules.unityanalytics@1.0.0 (location: D:\Project\Clockwork Wasteland Ember Edge\Library\PackageCache\com.unity.modules.unityanalytics@1.0.0)
    com.unity.modules.unitywebrequest@1.0.0 (location: D:\Project\Clockwork Wasteland Ember Edge\Library\PackageCache\com.unity.modules.unitywebrequest@1.0.0)
    com.unity.modules.unitywebrequestassetbundle@1.0.0 (location: D:\Project\Clockwork Wasteland Ember Edge\Library\PackageCache\com.unity.modules.unitywebrequestassetbundle@1.0.0)
    com.unity.modules.unitywebrequestaudio@1.0.0 (location: D:\Project\Clockwork Wasteland Ember Edge\Library\PackageCache\com.unity.modules.unitywebrequestaudio@1.0.0)
    com.unity.modules.unitywebrequesttexture@1.0.0 (location: D:\Project\Clockwork Wasteland Ember Edge\Library\PackageCache\com.unity.modules.unitywebrequesttexture@1.0.0)
    com.unity.modules.unitywebrequestwww@1.0.0 (location: D:\Project\Clockwork Wasteland Ember Edge\Library\PackageCache\com.unity.modules.unitywebrequestwww@1.0.0)
    com.unity.modules.vehicles@1.0.0 (location: D:\Project\Clockwork Wasteland Ember Edge\Library\PackageCache\com.unity.modules.vehicles@1.0.0)
    com.unity.modules.video@1.0.0 (location: D:\Project\Clockwork Wasteland Ember Edge\Library\PackageCache\com.unity.modules.video@1.0.0)
    com.unity.modules.vr@1.0.0 (location: D:\Project\Clockwork Wasteland Ember Edge\Library\PackageCache\com.unity.modules.vr@1.0.0)
    com.unity.modules.wind@1.0.0 (location: D:\Project\Clockwork Wasteland Ember Edge\Library\PackageCache\com.unity.modules.wind@1.0.0)
    com.unity.modules.xr@1.0.0 (location: D:\Project\Clockwork Wasteland Ember Edge\Library\PackageCache\com.unity.modules.xr@1.0.0)
    com.unity.modules.subsystems@1.0.0 (location: D:\Project\Clockwork Wasteland Ember Edge\Library\PackageCache\com.unity.modules.subsystems@1.0.0)
    com.unity.2d.sprite@1.0.0 (location: D:\Project\Clockwork Wasteland Ember Edge\Library\PackageCache\com.unity.2d.sprite@1.0.0)
    com.unity.2d.tilemap@1.0.0 (location: D:\Project\Clockwork Wasteland Ember Edge\Library\PackageCache\com.unity.2d.tilemap@1.0.0)
[Subsystems] No new subsystems found in resolved package list.
Package Manager log level set to [2]
[Package Manager] Done registering packages in 0.09 seconds
Refreshing native plugins compatible for Editor in 6.39 ms, found 11 plugins.
Preloading 0 native plugins for Editor in 0.00 ms.
Initialize engine version: 2022.3.62t4 (1ad14fec91c6)
[Subsystems] Discovering subsystems at path C:/Program Files/Tuanjie/Hub/Editor/2022.3.62t4/Editor/Data/Resources/UnitySubsystems
[Subsystems] Discovering subsystems at path D:/Project/Clockwork Wasteland Ember Edge/Assets
GfxDevice: creating device client; threaded=0; jobified=0
Direct3D:
    Version:  Direct3D 11.0 [level 11.1]
    Renderer: NVIDIA GeForce RTX 5070 (ID=0x2f04)
    Vendor:   NVIDIA
    VRAM:     11943 MB
    Driver:   32.0.15.9579
[Licensing::Client] Successfully send message: {"AuthorizationCheck":"Yq49OFRbS1BG6A==","messageType":"EntitlementDetailsRequest","entitlementIds":["com.unity.editor.cluster","com.unity.editor.headless"],"packageEntitlementIds":[],"includeCustomData":false} at 1779459518
[Licensing::Client] Successfully receive message: {"entitlementGroups":[{"entitlementGroupId":"F4-XE8N-FWWG-JABQ-GSY6-EVH3","entitlementGroupIdHash":"4142da9f38b851a2bb6a0bb81e948f621e2e33d4","productName":"Unity Personal","productType":"TuanjieEditor","licenseType":"ULF","expiration":1779722317000,"matchedEntitlements":[{"entitlementId":"com.unity.editor.headless","isPackage":false,"count":1}]}],"responseCode":200,"responseStatus":"Found 1 entitlement groups and 0 free entitlements matching requested entitlement ids","messageType":"EntitlementDetailsResponse","authorizationCheck":"Yq49OFRbS1BG6GPV2cGro16aaD5N"} at 1779459518
[Licensing::Client] Attempt to check time stamp (startTime: 1779459518, endTime: 1779459518)
[Licensing::Client] Successfully resolved entitlement details
Initialize mono
Mono path[0] = 'C:/Program Files/Tuanjie/Hub/Editor/2022.3.62t4/Editor/Data/Managed'
Mono path[1] = 'C:/Program Files/Tuanjie/Hub/Editor/2022.3.62t4/Editor/Data/MonoBleedingEdge/lib/mono/unityjit-win32'
Mono config path = 'C:/Program Files/Tuanjie/Hub/Editor/2022.3.62t4/Editor/Data/MonoBleedingEdge/etc'
Using monoOptions --debugger-agent=transport=dt_socket,embedding=1,server=y,suspend=n,address=0.0.0.0:56460
Using cacheserver namespaces - metadata:defaultmetadata, artifacts:defaultartifacts
Using cacheserver namespaces - metadata:defaultmetadata, artifacts:defaultartifacts
ImportWorker Server TCP listen port: 0
Begin MonoManager ReloadAssembly
Registering precompiled tuanjie dll's ...
[Licensing::Client] Successfully send message: {"AuthorizationCheck":"Yq49OFRbS1BG6A==","messageType":"EntitlementDetailsRequest","entitlementIds":["com.unity.editor.platforms.android","com.unity.editor.headless"],"packageEntitlementIds":[],"includeCustomData":false} at 1779459518
[Licensing::Client] Successfully receive message: {"entitlementGroups":[{"entitlementGroupId":"F4-XE8N-FWWG-JABQ-GSY6-EVH3","entitlementGroupIdHash":"4142da9f38b851a2bb6a0bb81e948f621e2e33d4","productName":"Unity Personal","productType":"TuanjieEditor","licenseType":"ULF","expiration":1779722317000,"matchedEntitlements":[{"entitlementId":"com.unity.editor.platforms.android","isPackage":false,"count":1},{"entitlementId":"com.unity.editor.headless","isPackage":false,"count":1}]}],"responseCode":200,"responseStatus":"Found 1 entitlement groups and 0 free entitlements matching requested entitlement ids","messageType":"EntitlementDetailsResponse","authorizationCheck":"Yq49OFRbS1BG6GPV2cGro16aaD5N"} at 1779459518
[Licensing::Client] Attempt to check time stamp (startTime: 1779459518, endTime: 1779459518)
[Licensing::Client] Successfully resolved entitlement details
Register platform support module: C:/Program Files/Tuanjie/Hub/Editor/2022.3.62t4/Editor/Data/PlaybackEngines/AndroidPlayer/UnityEditor.Android.Extensions.dll
Register platform support module: C:/Program Files/Tuanjie/Hub/Editor/2022.3.62t4/Editor/Data/PlaybackEngines/WindowsStandaloneSupport/UnityEditor.WindowsStandalone.Extensions.dll
Registered in 0.024767 seconds.
- Loaded All Assemblies, in  0.240 seconds
Native extension for WindowsStandalone target not found
Native extension for Android target not found
Android Extension - Scanning For ADB Devices 184 ms
Mono: successfully reloaded assembly
- Finished resetting the current domain, in  0.357 seconds
Domain Reload Profiling: 596ms
	BeginReloadAssembly (62ms)
		ExecutionOrderSort (0ms)
		DisableScriptedObjects (0ms)
		BackupInstance (0ms)
		ReleaseScriptingObjects (0ms)
		CreateAndSetChildDomain (1ms)
	RebuildCommonClasses (21ms)
	RebuildNativeTypeToScriptingClass (7ms)
	initialDomainReloadingComplete (54ms)
	LoadAllAssembliesAndSetupDomain (94ms)
		LoadAssemblies (61ms)
		RebuildTransferFunctionScriptingTraits (0ms)
		AnalyzeDomain (92ms)
			TypeCache.Refresh (91ms)
				TypeCache.ScanAssembly (83ms)
			ScanForSourceGeneratedMonoScriptInfo (0ms)
			ResolveRequiredComponents (0ms)
	FinalizeReload (357ms)
		ReleaseScriptCaches (0ms)
		RebuildScriptCaches (0ms)
		SetupLoadedEditorAssemblies (329ms)
			LogAssemblyErrors (0ms)
			InitializePlatformSupportModulesInManaged (231ms)
			SetLoadedEditorAssemblies (2ms)
			RefreshPlugins (0ms)
			BeforeProcessingInitializeOnLoad (1ms)
			ProcessInitializeOnLoadAttributes (82ms)
			ProcessInitializeOnLoadMethodAttributes (12ms)
			AfterProcessingInitializeOnLoad (0ms)
			EditorAssembliesLoaded (0ms)
		ExecutionOrderSort2 (0ms)
		AwakeInstancesAfterBackupRestoration (0ms)
[Licensing::Client] Successfully send message: {"AuthorizationCheck":"Yq49OFRbS1BG6A==","messageType":"EntitlementDetailsRequest","entitlementIds":["com.unity.editor.legacy.pro","com.unity.editor.watermarks.disable","com.unity.editor.watermarks.prototyping","com.unity.editor.watermarks.edu","com.unity.editor.watermarks.trial","com.unity.editor.time-limited-license","com.unity.editor.cluster","com.unity.editor.unity.compliant","com.unity.editor.watermarks.forcedisable","com.unity.editor.open-harmony.analytics.disabled","com.unity.editor.mini-game.analytics.disabled","com.unity.editor.unity.expiration.2d","com.unity.editor.unity.expiration.7d","com.unity.editor.playableads.watermark","com.unity.editor.android.analytics.enable","com.unity.editor.ios.analytics.enable","com.unity.editor.headless"],"packageEntitlementIds":[],"includeCustomData":false} at 1779459518
[Licensing::Client] Successfully receive message: {"entitlementGroups":[{"entitlementGroupId":"F4-XE8N-FWWG-JABQ-GSY6-EVH3","entitlementGroupIdHash":"4142da9f38b851a2bb6a0bb81e948f621e2e33d4","productName":"Unity Personal","productType":"TuanjieEditor","licenseType":"ULF","expiration":1779722317000,"matchedEntitlements":[{"entitlementId":"com.unity.editor.headless","isPackage":false,"count":1},{"entitlementId":"com.unity.editor.unity.expiration.2d","isPackage":false,"count":1},{"entitlementId":"com.unity.editor.ios.analytics.enable","isPackage":false,"count":1},{"entitlementId":"com.unity.editor.android.analytics.enable","isPackage":false,"count":1},{"entitlementId":"com.unity.editor.watermarks.forcedisable","isPackage":false,"count":1},{"entitlementId":"com.unity.editor.unity.compliant","isPackage":false,"count":1},{"entitlementId":"com.unity.editor.mini-game.analytics.disabled","isPackage":false,"count":1},{"entitlementId":"com.unity.editor.time-limited-license","isPackage":false,"count":1}]}],"responseCode":200,"responseStatus":"Found 1 entitlement groups and 0 free entitlements matching requested entitlement ids","messageType":"EntitlementDetailsResponse","authorizationCheck":"Yq49OFRbS1BG6GPV2cGro16aaD5N"} at 1779459518
[Licensing::Client] Attempt to check time stamp (startTime: 1779459518, endTime: 1779459518)
[Licensing::Client] Successfully resolved entitlement details
Application.AssetDatabase Initial Refresh Start
info: Microsoft.Hosting.Lifetime[14]
      Now listening on: http://localhost:80
info: Microsoft.Hosting.Lifetime[0]
      Application started. Press Ctrl+C to shut down.
info: Microsoft.Hosting.Lifetime[0]
      Hosting environment: Production
info: Microsoft.Hosting.Lifetime[0]
      Content root path: D:\Project\Clockwork Wasteland Ember Edge\
info: Microsoft.AspNetCore.Hosting.Diagnostics[1]
      Request starting HTTP/2 POST http://ilpp/UnityILPP.PostProcessing/Ping application/grpc -
info: Microsoft.AspNetCore.Routing.EndpointMiddleware[0]
      Executing endpoint 'gRPC - /UnityILPP.PostProcessing/Ping'
info: Microsoft.AspNetCore.Routing.EndpointMiddleware[1]
      Executed endpoint 'gRPC - /UnityILPP.PostProcessing/Ping'
info: Microsoft.AspNetCore.Hosting.Diagnostics[2]
      Request finished HTTP/2 POST http://ilpp/UnityILPP.PostProcessing/Ping application/grpc - - 200 - application/grpc 25.1193ms
Starting: C:\Program Files\Tuanjie\Hub\Editor\2022.3.62t4\Editor\Data\bee_backend.exe --dont-print-to-structured-log --ipc --defer-dag-verification --dagfile="Library/Bee/1900b0aE.dag" --continue-on-failure --profile="Library/Bee/backend1.traceevents" ScriptAssemblies
WorkingDir: D:/Project/Clockwork Wasteland Ember Edge
info: Microsoft.AspNetCore.Hosting.Diagnostics[1]
      Request starting HTTP/2 POST http://ilpp/UnityILPP.PostProcessing/ConfigurePostProcessors application/grpc -
info: Microsoft.AspNetCore.Routing.EndpointMiddleware[0]
      Executing endpoint 'gRPC - /UnityILPP.PostProcessing/ConfigurePostProcessors'
DisplayProgressbar: Compiling Scripts
warn: Unity.ILPP.Runner.PostProcessingAssemblyLoadContext[0]
      Assembly system.runtime.interopservices.windowsruntime has duplicate hint path. Ignoring "C:\Program Files\Tuanjie\Hub\Editor\2022.3.62t4\Editor\Data\TuanjieReferenceAssemblies\tuanjie-4.8-api\Facades\System.Runtime.InteropServices.WindowsRuntime.dll" in favor of "C:\Program Files\Tuanjie\Hub\Editor\2022.3.62t4\Editor\Data\NetStandard\Extensions\2.0.0\System.Runtime.InteropServices.WindowsRuntime.dll"
warn: Unity.ILPP.Runner.PostProcessingAssemblyLoadContext[0]
      Assembly system.componentmodel.composition has duplicate hint path. Ignoring "C:\Program Files\Tuanjie\Hub\Editor\2022.3.62t4\Editor\Data\TuanjieReferenceAssemblies\tuanjie-4.8-api\System.ComponentModel.Composition.dll" in favor of "C:\Program Files\Tuanjie\Hub\Editor\2022.3.62t4\Editor\Data\NetStandard\compat\2.1.0\shims\netfx\System.ComponentModel.Composition.dll"
info: Unity.ILPP.Runner.PostProcessingAssemblyLoadContext[0]
      Resolved Unity.Burst.Cecil, Version=0.11.4.0, Culture=neutral, PublicKeyToken=50cebf1cceb9d05e with Library\PackageCache\com.unity.burst@1.8.26\Unity.Burst.CodeGen\Unity.Burst.Cecil.dll
info: Microsoft.AspNetCore.Routing.EndpointMiddleware[1]
      Executed endpoint 'gRPC - /UnityILPP.PostProcessing/ConfigurePostProcessors'
info: Microsoft.AspNetCore.Hosting.Diagnostics[2]
      Request finished HTTP/2 POST http://ilpp/UnityILPP.PostProcessing/ConfigurePostProcessors application/grpc - - 200 - application/grpc 19.8391ms
ExitCode: 0 Duration: 0s145ms
[535/680    0s] ILPP-Configuration Library/ilpp-configuration.nevergeneratedoutput
*** Tundra build success (0.12 seconds), 1 items updated, 680 evaluated
AssetDatabase: script compilation time: 0.468519s
Begin MonoManager ReloadAssembly
Total cache size 115053308
Total cache size after purge 115053308
- Loaded All Assemblies, in  0.449 seconds
Refreshing native plugins compatible for Editor in 2.88 ms, found 11 plugins.
Preloading 0 native plugins for Editor in 0.00 ms.
Refreshing native plugins compatible for Editor in 3.14 ms, found 11 plugins.
Native extension for WindowsStandalone target not found
Native extension for Android target not found
Mono: successfully reloaded assembly
- Finished resetting the current domain, in  1.888 seconds
Domain Reload Profiling: 2339ms
	BeginReloadAssembly (81ms)
		ExecutionOrderSort (0ms)
		DisableScriptedObjects (3ms)
		BackupInstance (0ms)
		ReleaseScriptingObjects (0ms)
		CreateAndSetChildDomain (15ms)
	RebuildCommonClasses (20ms)
	RebuildNativeTypeToScriptingClass (7ms)
	initialDomainReloadingComplete (19ms)
	LoadAllAssembliesAndSetupDomain (321ms)
		LoadAssemblies (195ms)
		RebuildTransferFunctionScriptingTraits (0ms)
		AnalyzeDomain (173ms)
			TypeCache.Refresh (156ms)
				TypeCache.ScanAssembly (142ms)
			ScanForSourceGeneratedMonoScriptInfo (12ms)
			ResolveRequiredComponents (3ms)
	FinalizeReload (1891ms)
		ReleaseScriptCaches (0ms)
		RebuildScriptCaches (0ms)
		SetupLoadedEditorAssemblies (1806ms)
			LogAssemblyErrors (0ms)
			InitializePlatformSupportModulesInManaged (9ms)
			SetLoadedEditorAssemblies (2ms)
			RefreshPlugins (0ms)
			BeforeProcessingInitializeOnLoad (37ms)
			ProcessInitializeOnLoadAttributes (1653ms)
			ProcessInitializeOnLoadMethodAttributes (102ms)
			AfterProcessingInitializeOnLoad (4ms)
			EditorAssembliesLoaded (0ms)
		ExecutionOrderSort2 (0ms)
		AwakeInstancesAfterBackupRestoration (6ms)
Refreshing native plugins compatible for Editor in 2.88 ms, found 11 plugins.
Preloading 0 native plugins for Editor in 0.00 ms.
Asset Pipeline Refresh (id=2b0ac960ada31654787fbdee41f6a95e): Total: 3.472 seconds - Initiated by InitialRefreshV2(ForceSynchronousImport)
	Summary:
		Imports: total=0 (actual=0, local cache=0, cache server=0)
		Asset DB Process Time: managed=0 ms, native=540 ms
		Asset DB Callback time: managed=48 ms, native=14 ms
		Scripting: domain reloads=1, domain reload time=2377 ms, compile time=470 ms, other=21 ms
		Project Asset Count: scripts=5035, non-scripts=1481
		Asset File Changes: new=0, changed=0, moved=0, deleted=1
		Scan Filter Count: 0
		OnDemandAssets Count:0
	InvokeBeforeRefreshCallbacks: 0.187ms
	ApplyChangesToAssetFolders: 0.054ms
	Scan: 152.556ms
	OnSourceAssetsModified: 1.407ms
	UnregisterDeletedAssets: 0.003ms
	GetAllGuidsForCategorization: 0.400ms
	CategorizeAssets: 53.319ms
	ImportOutOfDateAssets: 1915.617ms (1432.061ms without children)
		CompileScripts: 469.710ms
		ReloadNativeAssets: 0.000ms
		UnloadImportedAssets: 11.499ms
		EnsureUptoDateAssetsAreRegisteredWithGuidPM: 1.195ms
		InitializingProgressBar: 0.000ms
		PostProcessAllAssetNotificationsAddChangedAssets: 0.001ms
		OnDemandSchedulerStart: 1.151ms
	PostProcessAllAssets: 57.631ms
	Hotreload: 3.795ms
	GatherAllCurrentPrimaryArtifactRevisions: 0.000ms
	UnloadStreamsBegin: 0.184ms
	PersistCurrentRevisions: 0.291ms
	UnloadStreamsEnd: 0.043ms
	GenerateScriptTypeHashes: 1.081ms
	Untracked: 1286.937ms
Application.AssetDatabase Initial Refresh End
Launched and connected shader compiler TuanjieShaderCompiler.exe after 0.03 seconds
Scanning for USB devices : 4.801ms
Initializing Tuanjie extensions:
Start importing Library/Resources using Guid(640b6ad220f7bb740a7d7c406e1eeb6e) Importer(Primary)  -> (artifact id: 'a2d0c171b99a8e7651e63f947af0e404') in 0.005868 seconds
Refreshing native plugins compatible for Editor in 3.06 ms, found 11 plugins.
Preloading 0 native plugins for Editor in 0.00 ms.
Asset Pipeline Refresh (id=b9fd6ebb7f1da084d86b1b9eeafe3520): Total: 0.050 seconds - Initiated by StopAssetImportingV2(NoUpdateAssetOptions)
[Licensing::Client] Successfully send message: {"AuthorizationCheck":"Enen7DxUllwHbg==","messageType":"ProductNameRequest","Value":"com.DefaultCompany.2DProject"} at 1779459522
[Licensing::Client] Successfully receive message: {"responseCode":200,"messageType":"ProductNameResponse"} at 1779459522
[Licensing::Client] Error: ProductNameResponse could not be deserialized
[MODES] ModeService[none].Initialize
[MODES] ModeService[none].LoadModes
[MODES] Loading mode Default (0) for mode-current-id-Clockwork Wasteland Ember Edge
Unloading 2 Unused Serialized files (Serialized files now loaded: 0)
Unloading 123 unused Assets / (0.6 MB). Loaded Objects now: 4624.
Memory consumption went from 143.9 MB to 143.3 MB.
Total: 4.003600 ms (FindLiveObjects: 0.162300 ms CreateObjectMapping: 0.053200 ms MarkObjects: 3.493700 ms  DeleteObjects: 0.293200 ms)

Batchmode quit successfully invoked - shutting down!
Curl error 42: Callback aborted
Killing ADB server in 0.1340043 seconds.
Input System module state changed to: ShutdownInProgress.
Input System polling thread exited.
Input System module state changed to: Shutdown.
[Licensing::IpcConnector] License Notification channel disconnected successfully.
[Licensing::IpcConnector] License Client channel disconnected successfully.
Shutting down server...
Cleanup mono
abort_threads: Failed aborting id: 00000000000070C8, mono_thread_manage will ignore it

abort_threads: Failed aborting id: 0000000000007AD0, mono_thread_manage will ignore it

abort_threads: Failed aborting id: 00000000000070C8, mono_thread_manage will ignore it

abort_threads: Failed aborting id: 0000000000007AD0, mono_thread_manage will ignore it

debugger-agent: Unable to listen on 7236
[Performance] WinEditorMain                                                                                                         :        1 samples, Peak.   823 ms (1.0x), Avg.   823 ms, Total. 823.1 ms (10.1%)
[Performance] WinEditorMain.ConfigureCrashHandler                                                                                   :        1 samples, Peak.  13.7 us (1.0x), Avg.  13.7 us, Total. 13.70 us (0.0%)
[Performance] WinEditorMain.CurlRequestInitialize                                                                                   :        1 samples, Peak.   309 us (1.0x), Avg.   309 us, Total. 309.4 us (0.0%)
[Performance] WinEditorMain.SetupLogFile                                                                                            :        1 samples, Peak.   144 us (1.0x), Avg.   144 us, Total. 144.2 us (0.0%)
[Performance] WinEditorMain.RunNativeTestsIfRequiredAndExit                                                                         :        1 samples, Peak.   100 ns (1.0x), Avg.   100 ns, Total. 100.0 ns (0.0%)
[Performance] WinEditorMain.Licensing                                                                                               :        1 samples, Peak.   801 ms (1.0x), Avg.   801 ms, Total. 801.2 ms (9.8%)
[Performance] WinEditorMain.InitializeCrashHandler                                                                                  :        1 samples, Peak.  19.5 ms (1.0x), Avg.  19.5 ms, Total. 19.54 ms (0.2%)
[Performance] WinEditorMain.CreateApplication                                                                                       :        1 samples, Peak.   143 us (1.0x), Avg.   143 us, Total. 143.5 us (0.0%)
[Performance] Application.InitializeProject                                                                                         :        1 samples, Peak.  5.41 s (1.0x), Avg.  5.41 s, Total. 5.409 s (66.1%)
[Performance] Application.PackageManager.StartServer                                                                                :        1 samples, Peak.  6.18 ms (1.0x), Avg.  6.18 ms, Total. 6.182 ms (0.1%)
[Performance] Application.AcquireProjectLock                                                                                        :        1 samples, Peak.  3.68 ms (1.0x), Avg.  3.68 ms, Total. 3.684 ms (0.0%)
[Performance] Application.InitializeEngineNoGraphics                                                                                :        1 samples, Peak.   175 ms (1.0x), Avg.   175 ms, Total. 175.2 ms (2.1%)
[Performance] Application.PackageManager.Initialize                                                                                 :        1 samples, Peak.  80.1 ms (1.0x), Avg.  80.1 ms, Total. 80.10 ms (1.0%)
[Performance] Connecting to Package Manager                                                                                         :        9 samples, Peak.  54.2 us (7.2x), Avg.  7.49 us, Total. 67.40 us (0.0%)
[Performance] Application.EngineGraphics.Initialize                                                                                 :        1 samples, Peak.   139 ms (1.0x), Avg.   139 ms, Total. 138.7 ms (1.7%)
[Performance] Application.GI.Initialize                                                                                             :        1 samples, Peak.  2.86 ms (1.0x), Avg.  2.86 ms, Total. 2.862 ms (0.0%)
[Performance] Application.LoadAllDefaultResourcesFromEditor                                                                         :        1 samples, Peak.  1.50 ms (1.0x), Avg.  1.50 ms, Total. 1.501 ms (0.0%)
[Performance] Application.LoadMonoAssemblies                                                                                        :        1 samples, Peak.   606 ms (1.0x), Avg.   606 ms, Total. 605.8 ms (7.4%)
[Performance] RestoreManagedReferences                                                                                              :        2 samples, Peak.  26.3 ms (2.0x), Avg.  13.2 ms, Total. 26.33 ms (0.3%)
[Performance] InitializeOnLoad PoolManager                                                                                          :        2 samples, Peak.   459 us (1.0x), Avg.   456 us, Total. 911.1 us (0.0%)
[Performance] InitializeOnLoad NativeFormatImporterUtility                                                                          :        2 samples, Peak.  1.45 ms (1.1x), Avg.  1.27 ms, Total. 2.536 ms (0.0%)
[Performance] InitializeOnLoad TuanjiePathAndNameFix                                                                                :        2 samples, Peak.   101 us (1.0x), Avg.  97.7 us, Total. 195.3 us (0.0%)
[Performance] InitializeOnLoad ObjectSelectorSearch                                                                                 :        2 samples, Peak.  67.9 us (1.1x), Avg.  62.0 us, Total. 123.9 us (0.0%)
[Performance] InitializeOnLoad ConsoleEntrance                                                                                      :        2 samples, Peak.   225 us (1.1x), Avg.   211 us, Total. 422.1 us (0.0%)
[Performance] InitializeOnLoad SettingsService                                                                                      :        2 samples, Peak.  14.1 us (1.6x), Avg.  8.85 us, Total. 17.70 us (0.0%)
[Performance] InitializeOnLoad UISystemProfilerRenderService                                                                        :        2 samples, Peak.  6.70 us (1.2x), Avg.  5.40 us, Total. 10.80 us (0.0%)
[Performance] InitializeOnLoad UnityConnect                                                                                         :        2 samples, Peak.  51.7 us (1.3x), Avg.  39.0 us, Total. 78.00 us (0.0%)
[Performance] InitializeOnLoad AssetStoreContext                                                                                    :        2 samples, Peak.  15.9 ms (1.7x), Avg.  9.30 ms, Total. 18.60 ms (0.2%)
[Performance] InitializeOnLoad CacheServerWindow                                                                                    :        2 samples, Peak.  15.0 us (1.3x), Avg.  11.8 us, Total. 23.70 us (0.0%)
[Performance] InitializeOnLoad ProjectSearch                                                                                        :        2 samples, Peak.  45.3 us (1.1x), Avg.  39.8 us, Total. 79.50 us (0.0%)
[Performance] InitializeOnLoad EditMode                                                                                             :        2 samples, Peak.   271 us (1.1x), Avg.   241 us, Total. 481.0 us (0.0%)
[Performance] InitializeOnLoad MenuItems                                                                                            :        2 samples, Peak.   161 us (1.0x), Avg.   156 us, Total. 312.9 us (0.0%)
[Performance] InitializeOnLoad PrefabInstanceChangedListener                                                                        :        2 samples, Peak.  82.5 us (1.0x), Avg.  80.9 us, Total. 161.9 us (0.0%)
[Performance] InitializeOnLoad WindowLayout                                                                                         :        2 samples, Peak.  17.9 us (1.0x), Avg.  17.6 us, Total. 35.10 us (0.0%)
[Performance] InitializeOnLoad DrivenRectTransformUndo                                                                              :        2 samples, Peak.   127 us (1.0x), Avg.   126 us, Total. 251.2 us (0.0%)
[Performance] InitializeOnLoad SceneSearch                                                                                          :        2 samples, Peak.  29.6 us (1.2x), Avg.  23.9 us, Total. 47.70 us (0.0%)
[Performance] InitializeOnLoad SearchService                                                                                        :        2 samples, Peak.  62.8 us (1.0x), Avg.  60.2 us, Total. 120.4 us (0.0%)
[Performance] InitializeOnLoad MixerEffectDefinitionReloader                                                                        :        2 samples, Peak.  1.35 ms (1.2x), Avg.  1.15 ms, Total. 2.304 ms (0.0%)
[Performance] InitializeOnLoad PlayModeDownload                                                                                     :        2 samples, Peak.  1.32 ms (1.9x), Avg.   702 us, Total. 1.405 ms (0.0%)
[Performance] InitializeOnLoad PlayableAdsHtmlChannelManager                                                                        :        2 samples, Peak.   387 us (1.3x), Avg.   294 us, Total. 587.5 us (0.0%)
[Performance] InitializeOnLoad ManagedDebuggerWindow                                                                                :        2 samples, Peak.   764 us (1.3x), Avg.   585 us, Total. 1.171 ms (0.0%)
[Performance] InitializeOnLoad BuildProfileHelperManager                                                                            :        2 samples, Peak.  15.4 ms (1.6x), Avg.  9.92 ms, Total. 19.84 ms (0.2%)
[Performance] InitializeOnLoad CloudBuild                                                                                           :        2 samples, Peak.  3.50 us (1.1x), Avg.  3.30 us, Total. 6.600 us (0.0%)
[Performance] InitializeOnLoad ShortcutIntegration                                                                                  :        2 samples, Peak.  41.8 us (1.0x), Avg.  41.4 us, Total. 82.90 us (0.0%)
[Performance] InitializeOnLoad AddComponentWindow                                                                                   :        2 samples, Peak.  69.0 us (1.1x), Avg.  62.0 us, Total. 124.1 us (0.0%)
[Performance] InitializeOnLoad ManagedDebugger                                                                                      :        2 samples, Peak.   300 ns (1.2x), Avg.   250 ns, Total. 500.0 ns (0.0%)
[Performance] InitializeOnLoad ProfilerConnectionPopupWindow                                                                        :        2 samples, Peak.  19.0 us (1.2x), Avg.  16.1 us, Total. 32.30 us (0.0%)
[Performance] InitializeOnLoad EditorMonitor                                                                                        :        2 samples, Peak.   427 us (1.3x), Avg.   336 us, Total. 672.9 us (0.0%)
[Performance] InitializeOnLoad RetainedMode                                                                                         :        2 samples, Peak.  1.38 ms (1.1x), Avg.  1.31 ms, Total. 2.622 ms (0.0%)
[Performance] InitializeOnLoad EditorShaderLoader                                                                                   :        2 samples, Peak.   470 us (1.1x), Avg.   428 us, Total. 855.4 us (0.0%)
[Performance] InitializeOnLoad EditorDelegateRegistration                                                                           :        2 samples, Peak.   373 us (1.2x), Avg.   313 us, Total. 625.7 us (0.0%)
[Performance] InitializeOnLoad UIDocumentHierarchyWatcher                                                                           :        2 samples, Peak.  52.5 us (1.1x), Avg.  49.7 us, Total. 99.40 us (0.0%)
[Performance] InitializeOnLoad LiveReloadTrackerCreator                                                                             :        2 samples, Peak.   138 us (1.3x), Avg.   110 us, Total. 219.4 us (0.0%)
[Performance] InitializeOnLoad UxmlObjectEditorFactories                                                                            :        2 samples, Peak.   511 us (1.2x), Avg.   440 us, Total. 879.6 us (0.0%)
[Performance] InitializeOnLoad UXMLEditorFactories                                                                                  :        2 samples, Peak.  40.8 ms (1.1x), Avg.  36.9 ms, Total. 73.82 ms (0.9%)
[Performance] InitializeOnLoad PurchasingService                                                                                    :        2 samples, Peak.  4.72 ms (1.0x), Avg.  4.67 ms, Total. 9.343 ms (0.1%)
[Performance] InitializeOnLoad CloudBuildPoller                                                                                     :        2 samples, Peak.  84.5 us (1.1x), Avg.  76.9 us, Total. 153.9 us (0.0%)
[Performance] InitializeOnLoad EditorGameServicesAnalytics                                                                          :        2 samples, Peak.   984 us (1.4x), Avg.   718 us, Total. 1.436 ms (0.0%)
[Performance] InitializeOnLoad AnalyticsService                                                                                     :        2 samples, Peak.   113 us (1.1x), Avg.   106 us, Total. 212.4 us (0.0%)
[Performance] InitializeOnLoad BuildService                                                                                         :        2 samples, Peak.  79.8 us (1.0x), Avg.  79.5 us, Total. 159.1 us (0.0%)
[Performance] InitializeOnLoad AdsService                                                                                           :        2 samples, Peak.   265 us (1.1x), Avg.   241 us, Total. 481.1 us (0.0%)
[Performance] InitializeOnLoad UDPService                                                                                           :        2 samples, Peak.  95.8 us (1.1x), Avg.  87.1 us, Total. 174.2 us (0.0%)
[Performance] InitializeOnLoad CrashService                                                                                         :        2 samples, Peak.  79.1 us (1.0x), Avg.  75.6 us, Total. 151.3 us (0.0%)
[Performance] InitializeOnLoad ServicesRepository                                                                                   :        2 samples, Peak.   200 ns (1.0x), Avg.   200 ns, Total. 400.0 ns (0.0%)
[Performance] InitializeOnLoad SearchWindow                                                                                         :        2 samples, Peak.  90.4 us (1.2x), Avg.  77.7 us, Total. 155.3 us (0.0%)
[Performance] InitializeOnLoad CustomIndexers                                                                                       :        2 samples, Peak.  11.9 ms (1.1x), Avg.  11.0 ms, Total. 22.07 ms (0.3%)
[Performance] InitializeOnLoad SearchMonitor                                                                                        :        2 samples, Peak.   596 us (1.1x), Avg.   558 us, Total. 1.117 ms (0.0%)
[Performance] InitializeOnLoad ParameterControllerEditor                                                                            :        2 samples, Peak.  12.1 us (1.2x), Avg.  10.1 us, Total. 20.10 us (0.0%)
[Performance] InitializeOnLoad LayerSettingsWindow                                                                                  :        2 samples, Peak.  16.2 us (1.8x), Avg.  9.15 us, Total. 18.30 us (0.0%)
[Performance] InitializeOnLoad PackageManagerHookGUIDConverter.RegisterPackagesEventHandler                                         :        2 samples, Peak.   487 us (1.4x), Avg.   345 us, Total. 689.3 us (0.0%)
[Performance] InitializeOnLoad EditorDragAndDrop.RegisterEditorClient                                                               :        2 samples, Peak.   171 us (1.0x), Avg.   168 us, Total. 335.3 us (0.0%)
[Performance] InitializeOnLoad EditorEventCallbacks.InitializeFontAssetResourceChangeCallBacks                                      :        2 samples, Peak.   959 us (1.1x), Avg.   852 us, Total. 1.705 ms (0.0%)
[Performance] InitializeOnLoad SceneTemplateService.Init                                                                            :        2 samples, Peak.  1.09 ms (1.1x), Avg.   954 us, Total. 1.908 ms (0.0%)
[Performance] InitializeOnLoad DiagnosticSwitchesConsoleMessage.Init                                                                :        2 samples, Peak.  3.81 ms (1.6x), Avg.  2.32 ms, Total. 4.632 ms (0.1%)
[Performance] InitializeOnLoad EditorWindow.Initialize                                                                              :        2 samples, Peak.   321 us (1.3x), Avg.   238 us, Total. 476.9 us (0.0%)
[Performance] InitializeOnLoad ToolShortcutContext.Init                                                                             :        2 samples, Peak.  86.6 us (1.1x), Avg.  77.0 us, Total. 153.9 us (0.0%)
[Performance] InitializeOnLoad ScopedRegistryAddedPopup.SubscribeToRegistriesAdded                                                  :        2 samples, Peak.   152 us (1.1x), Avg.   135 us, Total. 269.5 us (0.0%)
[Performance] InitializeOnLoad AssetPostprocessingInternal.RefreshCustomDependencies                                                :        2 samples, Peak.  1.84 ms (1.1x), Avg.  1.74 ms, Total. 3.480 ms (0.0%)
[Performance] InitializeOnLoad MemoryProfilerCompilationGuard.InjectCompileGuard                                                    :        2 samples, Peak.  97.7 us (1.1x), Avg.  89.3 us, Total. 178.5 us (0.0%)
[Performance] InitializeOnLoad SysrootManager.Initialize                                                                            :        2 samples, Peak.   508 us (1.3x), Avg.   403 us, Total. 806.9 us (0.0%)
[Performance] InitializeOnLoad SceneVisibilityManager.Initialize                                                                    :        2 samples, Peak.  1.90 ms (1.4x), Avg.  1.39 ms, Total. 2.779 ms (0.0%)
[Performance] InitializeOnLoad PackageManagerWindow.EditorInitializedInSafeMode                                                     :        2 samples, Peak.  74.7 us (1.4x), Avg.  55.1 us, Total. 110.3 us (0.0%)
[Performance] AssemblyReloadEvents.afterAssemblyReload: UnityEditor.PackageManager.TuanjiePathAndNameFix.FixTuanjieNameOrPath       :        2 samples, Peak.  1.51 ms (1.3x), Avg.  1.19 ms, Total. 2.381 ms (0.0%)
[Performance] AssemblyReloadEvents.afterAssemblyReload: UnityEditor.SceneTemplate.SceneTemplateService.AfterAssemblyReload          :        2 samples, Peak.  3.08 ms (1.9x), Avg.  1.62 ms, Total. 3.245 ms (0.0%)
[Performance] ProcessService.EditorAfterLoadAllAssemblies                                                                           :        2 samples, Peak.  3.31 ms (1.9x), Avg.  1.73 ms, Total. 3.463 ms (0.0%)
[Performance] Application.ReadLicenseInfo                                                                                           :        1 samples, Peak.  19.8 ms (1.0x), Avg.  19.8 ms, Total. 19.84 ms (0.2%)
[Performance] Application.InitialRefresh                                                                                            :        1 samples, Peak.  3.48 s (1.0x), Avg.  3.48 s, Total. 3.477 s (42.5%)
[Performance] ShaderImporter.SourceAssetModified                                                                                    :        3 samples, Peak.   600 ns (1.5x), Avg.   400 ns, Total. 1.200 us (0.0%)
[Performance] ShaderIncludeImporter.SourceAssetModified                                                                             :        3 samples, Peak.   600 ns (1.2x), Avg.   500 ns, Total. 1.500 us (0.0%)
[Performance] Compiling Scripts                                                                                                     :        1 samples, Peak.   469 ms (1.0x), Avg.   469 ms, Total. 468.6 ms (5.7%)
[Performance] AssemblyReloadEvents.beforeAssemblyReload: UnityEditor.SceneTemplate.SceneTemplateService.BeforeAssemblyReload        :        1 samples, Peak.   266 us (1.0x), Avg.   266 us, Total. 265.5 us (0.0%)
[Performance] InitializeOnLoad BurstLoader                                                                                          :        1 samples, Peak.  1.12 s (1.0x), Avg.  1.12 s, Total. 1.118 s (13.7%)
[Performance] InitializeOnLoad PlasticPlugin                                                                                        :        1 samples, Peak.   118 ms (1.0x), Avg.   118 ms, Total. 118.2 ms (1.4%)
[Performance] InitializeOnLoad BackgroundWatcher                                                                                    :        1 samples, Peak.   101 us (1.0x), Avg.   101 us, Total. 100.8 us (0.0%)
[Performance] InitializeOnLoad RerunCallbackInitializer                                                                             :        1 samples, Peak.  1.52 ms (1.0x), Avg.  1.52 ms, Total. 1.525 ms (0.0%)
[Performance] InitializeOnLoad TestStarter                                                                                          :        1 samples, Peak.   351 us (1.0x), Avg.   351 us, Total. 351.0 us (0.0%)
[Performance] InitializeOnLoad UnityTestProtocolStarter                                                                             :        1 samples, Peak.  65.9 us (1.0x), Avg.  65.9 us, Total. 65.90 us (0.0%)
[Performance] InitializeOnLoad EditorToolManager                                                                                    :        1 samples, Peak.  1.49 ms (1.0x), Avg.  1.49 ms, Total. 1.488 ms (0.0%)
[Performance] InitializeOnLoad VSUsageUtility                                                                                       :        1 samples, Peak.  8.84 ms (1.0x), Avg.  8.84 ms, Total. 8.844 ms (0.1%)
[Performance] InitializeOnLoad ToolbarBootstrap                                                                                     :        1 samples, Peak.   283 ms (1.0x), Avg.   283 ms, Total. 282.7 ms (3.5%)
[Performance] Package.AsyncRequest                                                                                                  :        3 samples, Peak.   447 us (3.0x), Avg.   149 us, Total. 448.4 us (0.0%)
[Performance] InitializeOnLoad VisualStudioEditor                                                                                   :        1 samples, Peak.  7.61 ms (1.0x), Avg.  7.61 ms, Total. 7.607 ms (0.1%)
[Performance] InitializeOnLoad TestRunnerApiListener                                                                                :        1 samples, Peak.   530 us (1.0x), Avg.   530 us, Total. 529.7 us (0.0%)
[Performance] InitializeOnLoad VisualStudioIntegration                                                                              :        1 samples, Peak.  1.25 ms (1.0x), Avg.  1.25 ms, Total. 1.254 ms (0.0%)
[Performance] InitializeOnLoad PrefabLayoutRebuilder                                                                                :        1 samples, Peak.   176 us (1.0x), Avg.   176 us, Total. 176.0 us (0.0%)
[Performance] InitializeOnLoad SpriteSkinCompositeStartup                                                                           :        1 samples, Peak.  9.99 ms (1.0x), Avg.  9.99 ms, Total. 9.986 ms (0.1%)
[Performance] InitializeOnLoad RiderScriptEditor                                                                                    :        1 samples, Peak.  4.01 ms (1.0x), Avg.  4.01 ms, Total. 4.011 ms (0.0%)
[Performance] InitializeOnLoad CallbackInitializer                                                                                  :        1 samples, Peak.   757 us (1.0x), Avg.   757 us, Total. 756.7 us (0.0%)
[Performance] InitializeOnLoad SpriteEditorWindow                                                                                   :        1 samples, Peak.   266 us (1.0x), Avg.   266 us, Total. 266.5 us (0.0%)
[Performance] InitializeOnLoad CodelyLayoutInstaller                                                                                :        1 samples, Peak.   169 us (1.0x), Avg.   169 us, Total. 169.4 us (0.0%)
[Performance] InitializeOnLoad CodelyToolbar                                                                                        :        1 samples, Peak.  69.9 us (1.0x), Avg.  69.9 us, Total. 69.90 us (0.0%)
[Performance] InitializeOnLoad ConsoleLogChangedNotifier                                                                            :        1 samples, Peak.   298 us (1.0x), Avg.   298 us, Total. 298.3 us (0.0%)
[Performance] InitializeOnLoad SelectionChangedNotifier                                                                             :        1 samples, Peak.  94.9 us (1.0x), Avg.  94.9 us, Total. 94.90 us (0.0%)
[Performance] InitializeOnLoad NativeDllLoader                                                                                      :        1 samples, Peak.   450 us (1.0x), Avg.   450 us, Total. 449.9 us (0.0%)
[Performance] InitializeOnLoad SceneHierarchyNotifier                                                                               :        1 samples, Peak.   561 us (1.0x), Avg.   561 us, Total. 561.2 us (0.0%)
[Performance] InitializeOnLoad UnityTcpBridge                                                                                       :        1 samples, Peak.   402 us (1.0x), Avg.   402 us, Total. 402.0 us (0.0%)
[Performance] InitializeOnLoad ManageWindowBridge                                                                                   :        1 samples, Peak.  74.9 us (1.0x), Avg.  74.9 us, Total. 74.90 us (0.0%)
[Performance] InitializeOnLoad UnityAnalyticsStorage                                                                                :        1 samples, Peak.   331 us (1.0x), Avg.   331 us, Total. 330.9 us (0.0%)
[Performance] InitializeOnLoad BoneGizmoInitializer                                                                                 :        1 samples, Peak.  2.13 ms (1.0x), Avg.  2.13 ms, Total. 2.134 ms (0.0%)
[Performance] InitializeOnLoad Analytics                                                                                            :        1 samples, Peak.   175 us (1.0x), Avg.   175 us, Total. 175.2 us (0.0%)
[Performance] InitializeOnLoad BackgroundImport                                                                                     :        1 samples, Peak.  97.2 us (1.0x), Avg.  97.2 us, Total. 97.20 us (0.0%)
[Performance] InitializeOnLoad SceneDragAndDrop                                                                                     :        1 samples, Peak.   105 us (1.0x), Avg.   105 us, Total. 105.3 us (0.0%)
[Performance] InitializeOnLoad SpriteShapeUpdateCache                                                                               :        1 samples, Peak.   140 us (1.0x), Avg.   140 us, Total. 139.9 us (0.0%)
[Performance] InitializeOnLoad SpriteShapeUnityAnalyticsStorage                                                                     :        1 samples, Peak.  9.60 us (1.0x), Avg.  9.60 us, Total. 9.600 us (0.0%)
[Performance] InitializeOnLoad IKEditorManager.CreateInstance                                                                       :        1 samples, Peak.  1.20 ms (1.0x), Avg.  1.20 ms, Total. 1.195 ms (0.0%)
[Performance] InitializeOnLoad $BurstDirectCallInitializer.Initialize                                                               :        8 samples, Peak.  12.1 ms (4.3x), Avg.  2.86 ms, Total. 22.86 ms (0.3%)
[Performance] InitializeOnLoad SceneViewGridManager.Initialize                                                                      :        1 samples, Peak.  2.83 ms (1.0x), Avg.  2.83 ms, Total. 2.825 ms (0.0%)
[Performance] InitializeOnLoad TilemapPrefabStageHelper.Initialize                                                                  :        1 samples, Peak.  1.01 ms (1.0x), Avg.  1.01 ms, Total. 1.009 ms (0.0%)
[Performance] InitializeOnLoad SceneViewOpenTilePaletteHelper.Initialize                                                            :        1 samples, Peak.   802 us (1.0x), Avg.   802 us, Total. 801.7 us (0.0%)
[Performance] InitializeOnLoad TileDragAndDropManager.Initialize                                                                    :        1 samples, Peak.   664 us (1.0x), Avg.   664 us, Total. 664.2 us (0.0%)
[Performance] InitializeOnLoad BackgroundImport.Setup                                                                               :        1 samples, Peak.   291 us (1.0x), Avg.   291 us, Total. 290.8 us (0.0%)
[Performance] InitializeOnLoad NativeWindowBridgeHost.OnDomainReload                                                                :        1 samples, Peak.   719 us (1.0x), Avg.   719 us, Total. 719.0 us (0.0%)
[Performance] InitializeOnLoad CodelyWindow.RegisterReloadEvents                                                                    :        1 samples, Peak.  3.69 ms (1.0x), Avg.  3.69 ms, Total. 3.694 ms (0.0%)
[Performance] InitializeOnLoad DrillWindow.AutoOpenOnLoadIfDrillIncomplete                                                          :        1 samples, Peak.  77.6 us (1.0x), Avg.  77.6 us, Total. 77.60 us (0.0%)
[Performance] InitializeOnLoad TestJobDataHolder.ResumeRunningJobs                                                                  :        1 samples, Peak.   807 us (1.0x), Avg.   807 us, Total. 806.8 us (0.0%)
[Performance] InitializeOnLoad AnalyticsReporter.RegisterCallbacks                                                                  :        1 samples, Peak.   316 us (1.0x), Avg.   316 us, Total. 316.3 us (0.0%)
[Performance] InitializeOnLoad VisualStudioEditor.LegacyVisualStudioCodePackageDisabler                                             :        1 samples, Peak.   365 us (1.0x), Avg.   365 us, Total. 364.8 us (0.0%)
[Performance] InitializeOnLoad SkillAssetScriptReferenceRepair.RepairOnLoad                                                         :        1 samples, Peak.  57.9 ms (1.0x), Avg.  57.9 ms, Total. 57.87 ms (0.7%)
[Performance] DidReloadScriptsTestRunnerWindow.CompilationCallback                                                                  :        1 samples, Peak.   205 us (1.0x), Avg.   205 us, Total. 205.2 us (0.0%)
[Performance] DidReloadScriptsTestListCache.ScriptReloaded                                                                          :        1 samples, Peak.  1.22 ms (1.0x), Avg.  1.22 ms, Total. 1.218 ms (0.0%)
[Performance] DidReloadScriptsAdvancedDropdownWindow.OnScriptReload                                                                 :        1 samples, Peak.   390 us (1.0x), Avg.   390 us, Total. 390.2 us (0.0%)
[Performance] AssemblyReloadEvents.afterAssemblyReload: UnityEditor.U2D.Animation.BoneGizmo.OnAfterAssemblyReload                   :        1 samples, Peak.   581 us (1.0x), Avg.   581 us, Total. 580.6 us (0.0%)
[Performance] AssetDatabase.ImportAssets                                                                                            :        4 samples, Peak.   900 ns (1.6x), Avg.   550 ns, Total. 2.200 us (0.0%)
[Performance] VersionControl.Task.Wait                                                                                              :        1 samples, Peak.  6.50 us (1.0x), Avg.  6.50 us, Total. 6.500 us (0.0%)
[Performance] TMPro_TexturePostProcessor.OnPostprocessAllAssets                                                                     :        4 samples, Peak.   332 us (2.3x), Avg.   144 us, Total. 577.8 us (0.0%)
[Performance] AgentToolDefinitionAssetPostListener.OnPostprocessAllAssets                                                           :        4 samples, Peak.   220 us (2.0x), Avg.   112 us, Total. 448.3 us (0.0%)
[Performance] AssetPostprocessor.OnPostprocessAllAssets                                                                             :        4 samples, Peak.   487 us (2.0x), Avg.   244 us, Total. 975.4 us (0.0%)
[Performance] BuilderAssetPostprocessor.OnPostprocessAllAssets                                                                      :        4 samples, Peak.  1.77 ms (1.5x), Avg.  1.14 ms, Total. 4.560 ms (0.1%)
[Performance] ArtifactBrowserPostProcessor.OnPostprocessAllAssets                                                                   :        4 samples, Peak.   596 us (2.1x), Avg.   290 us, Total. 1.161 ms (0.0%)
[Performance] AssetEvents.OnPostprocessAllAssets                                                                                    :        8 samples, Peak.   160 us (2.3x), Avg.  69.5 us, Total. 555.8 us (0.0%)
[Performance] AudioMixerPostprocessor.OnPostprocessAllAssets                                                                        :        4 samples, Peak.   849 us (2.0x), Avg.   424 us, Total. 1.698 ms (0.0%)
[Performance] DomainReloadPostprocessor.OnPostprocessAllAssets                                                                      :        4 samples, Peak.   332 us (2.0x), Avg.   167 us, Total. 666.9 us (0.0%)
[Performance] StyleCatalogPostProcessor.OnPostprocessAllAssets                                                                      :        4 samples, Peak.  18.7 ms (2.0x), Avg.  9.35 ms, Total. 37.40 ms (0.5%)
[Performance] BuildCatalog                                                                                                          :        1 samples, Peak.  17.9 ms (1.0x), Avg.  17.9 ms, Total. 17.95 ms (0.2%)
[Performance] ModelImporterPostProcessor.OnPostprocessAllAssets                                                                     :        4 samples, Peak.   639 us (1.7x), Avg.   380 us, Total. 1.520 ms (0.0%)
[Performance] RetainedModeAssetPostprocessor.OnPostprocessAllAssets                                                                 :        4 samples, Peak.  1.32 ms (1.9x), Avg.   684 us, Total. 2.737 ms (0.0%)
[Performance] AssetChangedListener.OnPostprocessAllAssets                                                                           :        4 samples, Peak.   764 us (2.0x), Avg.   389 us, Total. 1.556 ms (0.0%)
[Performance] SpeedTreePostProcessor.OnPostprocessAllAssets                                                                         :        4 samples, Peak.   109 us (1.9x), Avg.  56.6 us, Total. 226.2 us (0.0%)
[Performance] TextAssetPostProcessor.OnPostprocessAllAssets                                                                         :        4 samples, Peak.   223 us (1.7x), Avg.   132 us, Total. 528.5 us (0.0%)
[Performance] AssetProcessor.OnPostprocessAllAssets                                                                                 :       12 samples, Peak.  1.40 ms (3.8x), Avg.   365 us, Total. 4.380 ms (0.1%)
[Performance] SpriteLibraryAssetPostprocessor.OnPostprocessAllAssets                                                                :        4 samples, Peak.   192 us (2.0x), Avg.  96.6 us, Total. 386.4 us (0.0%)
[Performance] PSDImporterAssetPostProcessor.OnPostprocessAllAssets                                                                  :        4 samples, Peak.  67.5 us (2.0x), Avg.  34.0 us, Total. 136.2 us (0.0%)
[Performance] PSDImportPostProcessor.OnPostprocessAllAssets                                                                         :        4 samples, Peak.  85.4 us (2.0x), Avg.  43.0 us, Total. 171.8 us (0.0%)
[Performance] SpriteEditorTexturePostprocessor.OnPostprocessAllAssets                                                               :        4 samples, Peak.   184 us (1.8x), Avg.   100 us, Total. 401.9 us (0.0%)
[Performance] SpriteShapeAssetPostProcessor.OnPostprocessAllAssets                                                                  :        4 samples, Peak.   121 us (1.1x), Avg.   112 us, Total. 447.7 us (0.0%)
[Performance] SyncVS.PostprocessSyncProject                                                                                         :        2 samples, Peak.  2.66 ms (1.8x), Avg.  1.46 ms, Total. 2.928 ms (0.0%)
[Performance] EditorApplication.projectChanged: UnityEditor.Audio.MixerEffectDefinitionReloader.OnProjectChanged                    :        2 samples, Peak.   254 us (1.0x), Avg.   248 us, Total. 496.6 us (0.0%)
[Performance] Application.ImportPackagesAndSetTemplateWhenCreatingProject                                                           :        1 samples, Peak.  11.2 ms (1.0x), Avg.  11.2 ms, Total. 11.19 ms (0.1%)
[Performance] Application.SyncCurrentColorSpace                                                                                     :        1 samples, Peak.  59.1 ms (1.0x), Avg.  59.1 ms, Total. 59.11 ms (0.7%)
[Performance] Application.OnUsbDevicesChanged                                                                                       :        1 samples, Peak.  4.84 ms (1.0x), Avg.  4.84 ms, Total. 4.843 ms (0.1%)
[Performance] Application.AssetInstanceCacheUpdate                                                                                  :        1 samples, Peak.   400 ns (1.0x), Avg.   400 ns, Total. 400.0 ns (0.0%)
[Performance] Application.UnityExtensions.Initialize                                                                                :        1 samples, Peak.  2.67 ms (1.0x), Avg.  2.67 ms, Total. 2.670 ms (0.0%)
[Performance] CodeEditorProjectSync.SyncEditorProject                                                                               :        1 samples, Peak.  91.5 ms (1.0x), Avg.  91.5 ms, Total. 91.51 ms (1.1%)
[Performance] Application.ExecuteStartups                                                                                           :        1 samples, Peak.  49.0 ms (1.0x), Avg.  49.0 ms, Total. 48.97 ms (0.6%)
[Performance] Menu.RegisterMenuInterface                                                                                            :       26 samples, Peak.  1.40 us (7.3x), Avg.   192 ns, Total. 5.000 us (0.0%)
[Performance] Gizmo.RebuildRenderers                                                                                                :        1 samples, Peak.  43.8 ms (1.0x), Avg.  43.8 ms, Total. 43.85 ms (0.5%)
[Performance] Gizmo.AddGizmoRenderers                                                                                               :      104 samples, Peak.   941 us (61.6x), Avg.  15.3 us, Total. 1.589 ms (0.0%)
[Performance] Application.editorInitializingProject                                                                                 :        1 samples, Peak.   237 ms (1.0x), Avg.   237 ms, Total. 237.3 ms (2.9%)
[Performance] PSDImporterAssetPostProcessor.OnPreprocessAsset                                                                       :        1 samples, Peak.   204 us (1.0x), Avg.   204 us, Total. 204.4 us (0.0%)
[Performance] PresetManagerPostProcessor.OnPreprocessAsset                                                                          :        1 samples, Peak.   182 us (1.0x), Avg.   182 us, Total. 182.1 us (0.0%)
[Performance] CancelSplashScreenOnAssetChange.OnPreprocessAsset                                                                     :        1 samples, Peak.  82.4 us (1.0x), Avg.  82.4 us, Total. 82.40 us (0.0%)
[Performance] SpritePostProcess.OnPreprocessAsset                                                                                   :        1 samples, Peak.   997 us (1.0x), Avg.   997 us, Total. 997.1 us (0.0%)
[Performance] Application.InitializeMenu                                                                                            :        1 samples, Peak.  74.6 ms (1.0x), Avg.  74.6 ms, Total. 74.58 ms (0.9%)
[Performance] Menu.RebuildAll                                                                                                       :        1 samples, Peak.  74.6 ms (1.0x), Avg.  74.6 ms, Total. 74.57 ms (0.9%)
[Performance] Menu.BuildRegisteredMenuInterfaces                                                                                    :        1 samples, Peak.  72.4 ms (1.0x), Avg.  72.4 ms, Total. 72.37 ms (0.9%)
[Performance] Menu.FilterMenuItem                                                                                                   :      687 samples, Peak.  50.1 ms (679.4x), Avg.  73.8 us, Total. 50.70 ms (0.6%)
[Performance] UpdateAllMenus                                                                                                        :        1 samples, Peak.   566 us (1.0x), Avg.   566 us, Total. 565.8 us (0.0%)
[Performance] Menu.RebuildOSMainMenu                                                                                                :        2 samples, Peak.  1.66 ms (1.1x), Avg.  1.56 ms, Total. 3.128 ms (0.0%)
[Performance] EditorSceneManager.sceneClosing: UnityEditor.SceneVisibilityManager.EditorSceneManagerOnSceneClosing                  :        1 samples, Peak.   390 us (1.0x), Avg.   390 us, Total. 389.7 us (0.0%)
[Performance] EditorSceneManager.sceneClosed: UnityTcp.Editor.Notifier.SceneHierarchyNotifier.OnSceneClosed                         :        1 samples, Peak.   154 us (1.0x), Avg.   154 us, Total. 153.7 us (0.0%)
[Performance] EditorSceneManager.activeSceneChangedInEditMode: UnityTcp.Editor.Notifier.SceneHierarchyNotifier.OnActiveSceneChanged :        1 samples, Peak.  91.1 us (1.0x), Avg.  91.1 us, Total. 91.10 us (0.0%)
[Performance] GUIView.RepaintAll.PlayerLoopController                                                                               :        1 samples, Peak.   900 ns (1.0x), Avg.   900 ns, Total. 900.0 ns (0.0%)
[Performance] EditorSceneManager.newSceneCreated: UnityEditor.SceneTemplate.SceneTemplateService.OnNewSceneCreated                  :        1 samples, Peak.   271 us (1.0x), Avg.   271 us, Total. 271.4 us (0.0%)
[Performance] EditorSceneManager.newSceneCreated: UnityEditor.SceneVisibilityManager.EditorSceneManagerOnNewSceneCreated            :        1 samples, Peak.   174 us (1.0x), Avg.   174 us, Total. 174.3 us (0.0%)
[Performance] EditorSceneManager.newSceneCreated: UnityEditor.SceneManagement.StageNavigationManager.OnNewSceneCreated              :        1 samples, Peak.  37.1 us (1.0x), Avg.  37.1 us, Total. 37.10 us (0.0%)
[Performance] Application.InvokeFinishedLoadingProject                                                                              :        1 samples, Peak.  9.10 ms (1.0x), Avg.  9.10 ms, Total. 9.099 ms (0.1%)
[Performance] ProcessService.OnProjectLoaded                                                                                        :        1 samples, Peak.  70.9 us (1.0x), Avg.  70.9 us, Total. 70.90 us (0.0%)
[Performance] EditorApplication.quitting: Unity.Burst.Editor.BurstLoader.OnEditorApplicationQuitting                                :        1 samples, Peak.  23.6 us (1.0x), Avg.  23.6 us, Total. 23.60 us (0.0%)
[Performance] EditorApplication.quitting: UnityTcp.Editor.Native.NativeDllLoader.OnEditorQuitting                                   :        1 samples, Peak.  95.5 us (1.0x), Avg.  95.5 us, Total. 95.50 us (0.0%)
[Performance] EditorApplication.quitting: UnityEditor.Tilemaps.SceneViewGridManager.EditorQuitting                                  :        1 samples, Peak.  43.3 us (1.0x), Avg.  43.3 us, Total. 43.30 us (0.0%)
[Performance] EditorApplication.quitting: Cn.Tuanjie.Codely.Editor.CodelyWindow.OnEditorQuitting                                    :        1 samples, Peak.  53.6 ms (1.0x), Avg.  53.6 ms, Total. 53.59 ms (0.7%)
[Performance] EditorApplication.quitting: callback in UnityEditor.TextCore.Text.EditorEventCallbacks                                :        1 samples, Peak.  32.2 ms (1.0x), Avg.  32.2 ms, Total. 32.22 ms (0.4%)
[Performance] Killing ADB server                                                                                                    :        1 samples, Peak.   135 ms (1.0x), Avg.   135 ms, Total. 134.5 ms (1.6%)
[Performance] Application.Shutdown.PauseProfilerSession                                                                             :        1 samples, Peak.  17.2 us (1.0x), Avg.  17.2 us, Total. 17.20 us (0.0%)
[Performance] Application.Shutdown.PauseAssetImportWorkers                                                                          :        1 samples, Peak.   430 us (1.0x), Avg.   430 us, Total. 430.3 us (0.0%)
[Performance] Application.Shutdown.SaveAssets                                                                                       :        1 samples, Peak.  6.42 ms (1.0x), Avg.  6.42 ms, Total. 6.424 ms (0.1%)
[Performance] PaletteAssetModificationProcessor.OnWillSaveAssets                                                                    :        1 samples, Peak.   188 us (1.0x), Avg.   188 us, Total. 187.5 us (0.0%)
[Performance] StateMacroSavedEvent.OnWillSaveAssets                                                                                 :        1 samples, Peak.  96.9 us (1.0x), Avg.  96.9 us, Total. 96.90 us (0.0%)
[Performance] FlowMacroSavedEvent.OnWillSaveAssets                                                                                  :        1 samples, Peak.  70.8 us (1.0x), Avg.  70.8 us, Total. 70.80 us (0.0%)
[Performance] AssetModificationProcessor.OnWillSaveAssets                                                                           :        1 samples, Peak.   227 us (1.0x), Avg.   227 us, Total. 227.2 us (0.0%)
[Performance] BuilderAssetModificationProcessor.OnWillSaveAssets                                                                    :        1 samples, Peak.   208 us (1.0x), Avg.   208 us, Total. 207.6 us (0.0%)
[Performance] TerrainModificationProcessor.OnWillSaveAssets                                                                         :        1 samples, Peak.   410 us (1.0x), Avg.   410 us, Total. 409.7 us (0.0%)
[Performance] Application.Shutdown.CleanupRenderPipeline                                                                            :        1 samples, Peak.  6.30 us (1.0x), Avg.  6.30 us, Total. 6.300 us (0.0%)
[Performance] Application.Shutdown.StopPreloadManager                                                                               :        1 samples, Peak.  9.81 ms (1.0x), Avg.  9.81 ms, Total. 9.812 ms (0.1%)
[Performance] Application.Shutdown.DestroyWorld                                                                                     :        1 samples, Peak.   568 us (1.0x), Avg.   568 us, Total. 567.7 us (0.0%)
[Performance] Application.Shutdown.CleanupAfterLoad                                                                                 :        1 samples, Peak.   139 ms (1.0x), Avg.   139 ms, Total. 138.6 ms (1.7%)
[Performance] Application.Shutdown.Progress                                                                                         :        1 samples, Peak.  6.60 us (1.0x), Avg.  6.60 us, Total. 6.600 us (0.0%)
[Performance] Application.Shutdown.GICleanupManagers                                                                                :        1 samples, Peak.  3.46 ms (1.0x), Avg.  3.46 ms, Total. 3.459 ms (0.0%)
[Performance] Application.Shutdown.MenuCleanupClass                                                                                 :        1 samples, Peak.   142 us (1.0x), Avg.   142 us, Total. 142.3 us (0.0%)
[Performance] Application.Shutdown.ADBSaveStateBeforeShutdown                                                                       :        1 samples, Peak.  9.90 us (1.0x), Avg.  9.90 us, Total. 9.900 us (0.0%)
[Performance] Application.Shutdown.RemoteShutdown                                                                                   :        1 samples, Peak.   800 ns (1.0x), Avg.   800 ns, Total. 800.0 ns (0.0%)
[Performance] Application.Shutdown.CleanupVCProvider                                                                                :        1 samples, Peak.   209 us (1.0x), Avg.   209 us, Total. 208.7 us (0.0%)
[Performance] Application.Shutdown.InputShutdown                                                                                    :        1 samples, Peak.   800 ns (1.0x), Avg.   800 ns, Total. 800.0 ns (0.0%)
[Performance] Application.Shutdown.GizmoManagerDestroy                                                                              :        1 samples, Peak.   968 us (1.0x), Avg.   968 us, Total. 968.4 us (0.0%)
[Performance] Application.Shutdown.ProfilerSession                                                                                  :        1 samples, Peak.   284 us (1.0x), Avg.   284 us, Total. 283.9 us (0.0%)
[Performance] Application.Shutdown.ReleaseGfxWindowOnAllGUIViews                                                                    :        1 samples, Peak.   400 ns (1.0x), Avg.   400 ns, Total. 400.0 ns (0.0%)
[Performance] Application.Shutdown.CleanupEngine                                                                                    :        1 samples, Peak.  88.6 ms (1.0x), Avg.  88.6 ms, Total. 88.58 ms (1.1%)
[Performance] Application.Shutdown.CleanupAssetDatabase                                                                             :        1 samples, Peak.  5.81 ms (1.0x), Avg.  5.81 ms, Total. 5.815 ms (0.1%)
[Performance] Application.Shutdown.ScriptCompilationCleanUp                                                                         :        1 samples, Peak.  8.99 ms (1.0x), Avg.  8.99 ms, Total. 8.994 ms (0.1%)
[Performance] Application.Shutdown.DestroyJobSystem                                                                                 :        1 samples, Peak.  70.2 us (1.0x), Avg.  70.2 us, Total. 70.20 us (0.0%)
[Performance] Application.Shutdown.CleanupPersistentManager                                                                         :        1 samples, Peak.   751 us (1.0x), Avg.   751 us, Total. 751.3 us (0.0%)
[Performance] Application.Shutdown.CleanupAsyncReadManager                                                                          :        1 samples, Peak.   206 us (1.0x), Avg.   206 us, Total. 205.9 us (0.0%)
[Performance] Application.Shutdown.CleanupProgressBar                                                                               :        1 samples, Peak.   500 ns (1.0x), Avg.   500 ns, Total. 500.0 ns (0.0%)
[Performance] Application.Shutdown.CleanupMono                                                                                      :        1 samples, Peak.  1.22 s (1.0x), Avg.  1.22 s, Total. 1.223 s (14.9%)
[Performance] Application.Shutdown.CleanupStdConverters                                                                             :        1 samples, Peak.  5.90 us (1.0x), Avg.  5.90 us, Total. 5.900 us (0.0%)
[Performance] Application.Shutdown.UnloadAllPlatformSupportModuleNativeDlls                                                         :        1 samples, Peak.   300 ns (1.0x), Avg.   300 ns, Total. 300.0 ns (0.0%)
[Performance] Application.Shutdown.UnloadAllPlatformSupportNativeLibraries                                                          :        1 samples, Peak. 100.0 ns (1.0x), Avg. 100.0 ns, Total. 100.00 ns (0.0%)
[Performance] Application.Shutdown.CleanupAutoDocumentation                                                                         :        1 samples, Peak.   287 us (1.0x), Avg.   287 us, Total. 287.5 us (0.0%)
[Performance] Application.Shutdown.ShaderNameManagerDestroy                                                                         :        1 samples, Peak.  39.2 us (1.0x), Avg.  39.2 us, Total. 39.20 us (0.0%)
[Performance] Application.Shutdown.CleanupCacheServer                                                                               :        1 samples, Peak. 0.0 (-nan(ind)x), Avg. 0.0, Total. 0.0 (0.0%)
[Performance] Application.Shutdown.Virtualization_Shutdown                                                                          :        1 samples, Peak.   200 ns (1.0x), Avg.   200 ns, Total. 200.0 ns (0.0%)
[Performance] Application.Shutdown.DevConnections                                                                                   :        1 samples, Peak.   123 us (1.0x), Avg.   123 us, Total. 123.0 us (0.0%)
Exiting batchmode successfully now!
Exiting without the bug reporter. Application will terminate with return code 0